# JRE version: Java(TM) SE Runtime Environment (23.0+37) (build 23+37-2369)
# Java VM: Java HotSpot(TM) 64-Bit Server VM (23+37-2369, mixed mode, sharing, tiered, compressed oops, compressed class ptrs, g1 gc, windows-amd64)
GC Precious Log:
 CardTable entry size: 512
 Card Set container configuration: InlinePtr #cards 4 size 8 Array Of Cards #cards 16 size 48 Howl #buckets 8 coarsen threshold 3686 Howl Bitmap #cards 512 size 80 coarsen threshold 460 Card regions per heap region 1 cards per card region 4096
 CPUs: 8 total, 8 available
 Memory: 15665M
 Large Page Support: Disabled
 NUMA Support: Disabled
 Compressed Oops: Enabled (Zero based)
 Heap Region Size: 2M
 Heap Min Capacity: 8M
 Heap Initial Capacity: 246M
 Heap Max Capacity: 3918M
 Pre-touch: Disabled
 Parallel Workers: 8
 Concurrent Workers: 2
 Concurrent Refinement Workers: 8
 Periodic GC: Disabled
Heap:
 garbage-first heap   total reserved 4012032K, committed 61440K, used 37689K [0x000000070b200000, 0x0000000800000000)
  region size 2048K, 10 young (20480K), 1 survivors (2048K)
 Metaspace       used 31217K, committed 31872K, reserved 1114112K
  class space    used 4197K, committed 4480K, reserved 1048576K
GC Heap History (12 events):
Event: 0.857 GC heap before
{Heap before GC invocations=0 (full 0):
 garbage-first heap   total reserved 4012032K, committed 251904K, used 22528K [0x000000070b200000, 0x0000000800000000)
  region size 2048K, 12 young (24576K), 0 survivors (0K)
 Metaspace       used 7220K, committed 7424K, reserved 1114112K
  class space    used 817K, committed 896K, reserved 1048576K
}
Event: 0.863 GC heap after
{Heap after GC invocations=1 (full 0):
 garbage-first heap   total reserved 4012032K, committed 251904K, used 4215K [0x000000070b200000, 0x0000000800000000)
  region size 2048K, 2 young (4096K), 2 survivors (4096K)
 Metaspace       used 7220K, committed 7424K, reserved 1114112K
  class space    used 817K, committed 896K, reserved 1048576K
}
Event: 1.589 GC heap before
{Heap before GC invocations=1 (full 0):
 garbage-first heap   total reserved 4012032K, committed 251904K, used 24695K [0x000000070b200000, 0x0000000800000000)
  region size 2048K, 13 young (26624K), 2 survivors (4096K)
 Metaspace       used 12540K, committed 12928K, reserved 1114112K
  class space    used 1624K, committed 1792K, reserved 1048576K
}
Event: 1.594 GC heap after
{Heap after GC invocations=2 (full 0):
 garbage-first heap   total reserved 4012032K, committed 251904K, used 6767K [0x000000070b200000, 0x0000000800000000)
  region size 2048K, 2 young (4096K), 2 survivors (4096K)
 Metaspace       used 12540K, committed 12928K, reserved 1114112K
  class space    used 1624K, committed 1792K, reserved 1048576K
}
Event: 2.575 GC heap before
{Heap before GC invocations=2 (full 0):
 garbage-first heap   total reserved 4012032K, committed 251904K, used 45679K [0x000000070b200000, 0x0000000800000000)
  region size 2048K, 23 young (47104K), 2 survivors (4096K)
 Metaspace       used 21111K, committed 21504K, reserved 1114112K
  class space    used 2849K, committed 3008K, reserved 1048576K
}
Event: 2.581 GC heap after
{Heap after GC invocations=3 (full 0):
 garbage-first heap   total reserved 4012032K, committed 251904K, used 12112K [0x000000070b200000, 0x0000000800000000)
  region size 2048K, 4 young (8192K), 4 survivors (8192K)
 Metaspace       used 21111K, committed 21504K, reserved 1114112K
  class space    used 2849K, committed 3008K, reserved 1048576K
}
Event: 4.280 GC heap before
{Heap before GC invocations=4 (full 0):
 garbage-first heap   total reserved 4012032K, committed 49152K, used 44880K [0x000000070b200000, 0x0000000800000000)
  region size 2048K, 20 young (40960K), 4 survivors (8192K)
 Metaspace       used 28566K, committed 29120K, reserved 1114112K
  class space    used 4035K, committed 4288K, reserved 1048576K
}
Event: 4.287 GC heap after
{Heap after GC invocations=5 (full 0):
 garbage-first heap   total reserved 4012032K, committed 61440K, used 17574K [0x000000070b200000, 0x0000000800000000)
  region size 2048K, 2 young (4096K), 2 survivors (4096K)
 Metaspace       used 28566K, committed 29120K, reserved 1114112K
  class space    used 4035K, committed 4288K, reserved 1048576K
}
Event: 4.779 GC heap before
{Heap before GC invocations=5 (full 0):
 garbage-first heap   total reserved 4012032K, committed 61440K, used 40102K [0x000000070b200000, 0x0000000800000000)
  region size 2048K, 14 young (28672K), 2 survivors (4096K)
 Metaspace       used 29080K, committed 29632K, reserved 1114112K
  class space    used 4058K, committed 4288K, reserved 1048576K
}
Event: 4.782 GC heap after
{Heap after GC invocations=6 (full 0):
 garbage-first heap   total reserved 4012032K, committed 61440K, used 18300K [0x000000070b200000, 0x0000000800000000)
  region size 2048K, 1 young (2048K), 1 survivors (2048K)
 Metaspace       used 29080K, committed 29632K, reserved 1114112K
  class space    used 4058K, committed 4288K, reserved 1048576K
}
Event: 6.120 GC heap before
{Heap before GC invocations=6 (full 0):
 garbage-first heap   total reserved 4012032K, committed 61440K, used 46972K [0x000000070b200000, 0x0000000800000000)
  region size 2048K, 14 young (28672K), 1 survivors (2048K)
 Metaspace       used 30301K, committed 30848K, reserved 1114112K
  class space    used 4131K, committed 4352K, reserved 1048576K
}
Event: 6.122 GC heap after
{Heap after GC invocations=7 (full 0):
 garbage-first heap   total reserved 4012032K, committed 61440K, used 23353K [0x000000070b200000, 0x0000000800000000)
  region size 2048K, 1 young (2048K), 1 survivors (2048K)
 Metaspace       used 30301K, committed 30848K, reserved 1114112K
  class space    used 4131K, committed 4352K, reserved 1048576K
}

