# JRE version: Java(TM) SE Runtime Environment (23.0+37) (build 23+37-2369)
# Java VM: Java HotSpot(TM) 64-Bit Server VM (23+37-2369, mixed mode, sharing, tiered, compressed oops, compressed class ptrs, g1 gc, windows-amd64)
GC Precious Log:
 CardTable entry size: 512
 Card Set container configuration: InlinePtr #cards 4 size 8 Array Of Cards #cards 16 size 48 Howl #buckets 8 coarsen threshold 3686 Howl Bitmap #cards 512 size 80 coarsen threshold 460 Card regions per heap region 1 cards per card region 4096
 CPUs: 8 total, 8 available
 Memory: 15665M
 Large Page Support: Disabled
 NUMA Support: Disabled
 Compressed Oops: Enabled (Zero based)
 Heap Region Size: 2M
 Heap Min Capacity: 8M
 Heap Initial Capacity: 246M
 Heap Max Capacity: 3918M
 Pre-touch: Disabled
 Parallel Workers: 8
 Concurrent Workers: 2
 Concurrent Refinement Workers: 8
 Periodic GC: Disabled
Heap:
 garbage-first heap   total reserved 4012032K, committed 67584K, used 30046K [0x000000070b200000, 0x0000000800000000)
  region size 2048K, 6 young (12288K), 2 survivors (4096K)
 Metaspace       used 27632K, committed 28224K, reserved 1114112K
  class space    used 3736K, committed 3968K, reserved 1048576K
GC Heap History (12 events):
Event: 0.724 GC heap before
{Heap before GC invocations=0 (full 0):
 garbage-first heap   total reserved 4012032K, committed 251904K, used 22528K [0x000000070b200000, 0x0000000800000000)
  region size 2048K, 12 young (24576K), 0 survivors (0K)
 Metaspace       used 4714K, committed 4928K, reserved 1114112K
  class space    used 587K, committed 704K, reserved 1048576K
}
Event: 0.728 GC heap after
{Heap after GC invocations=1 (full 0):
 garbage-first heap   total reserved 4012032K, committed 251904K, used 3260K [0x000000070b200000, 0x0000000800000000)
  region size 2048K, 2 young (4096K), 2 survivors (4096K)
 Metaspace       used 4714K, committed 4928K, reserved 1114112K
  class space    used 587K, committed 704K, reserved 1048576K
}
Event: 1.187 GC heap before
{Heap before GC invocations=1 (full 0):
 garbage-first heap   total reserved 4012032K, committed 251904K, used 27836K [0x000000070b200000, 0x0000000800000000)
  region size 2048K, 14 young (28672K), 2 survivors (4096K)
 Metaspace       used 8075K, committed 8320K, reserved 1114112K
  class space    used 1106K, committed 1216K, reserved 1048576K
}
Event: 1.191 GC heap after
{Heap after GC invocations=2 (full 0):
 garbage-first heap   total reserved 4012032K, committed 251904K, used 6593K [0x000000070b200000, 0x0000000800000000)
  region size 2048K, 2 young (4096K), 2 survivors (4096K)
 Metaspace       used 8075K, committed 8320K, reserved 1114112K
  class space    used 1106K, committed 1216K, reserved 1048576K
}
Event: 2.108 GC heap before
{Heap before GC invocations=2 (full 0):
 garbage-first heap   total reserved 4012032K, committed 251904K, used 55745K [0x000000070b200000, 0x0000000800000000)
  region size 2048K, 28 young (57344K), 2 survivors (4096K)
 Metaspace       used 21128K, committed 21504K, reserved 1114112K
  class space    used 3091K, committed 3264K, reserved 1048576K
}
Event: 2.117 GC heap after
{Heap after GC invocations=3 (full 0):
 garbage-first heap   total reserved 4012032K, committed 251904K, used 12503K [0x000000070b200000, 0x0000000800000000)
  region size 2048K, 4 young (8192K), 4 survivors (8192K)
 Metaspace       used 21128K, committed 21504K, reserved 1114112K
  class space    used 3091K, committed 3264K, reserved 1048576K
}
Event: 2.956 GC heap before
{Heap before GC invocations=4 (full 0):
 garbage-first heap   total reserved 4012032K, committed 49152K, used 47319K [0x000000070b200000, 0x0000000800000000)
  region size 2048K, 20 young (40960K), 4 survivors (8192K)
 Metaspace       used 25106K, committed 25600K, reserved 1114112K
  class space    used 3605K, committed 3840K, reserved 1048576K
}
Event: 2.963 GC heap after
{Heap after GC invocations=5 (full 0):
 garbage-first heap   total reserved 4012032K, committed 67584K, used 21169K [0x000000070b200000, 0x0000000800000000)
  region size 2048K, 4 young (8192K), 4 survivors (8192K)
 Metaspace       used 25106K, committed 25600K, reserved 1114112K
  class space    used 3605K, committed 3840K, reserved 1048576K
}
Event: 4.218 GC heap before
{Heap before GC invocations=5 (full 0):
 garbage-first heap   total reserved 4012032K, committed 67584K, used 45745K [0x000000070b200000, 0x0000000800000000)
  region size 2048K, 16 young (32768K), 4 survivors (8192K)
 Metaspace       used 26205K, committed 26688K, reserved 1114112K
  class space    used 3644K, committed 3840K, reserved 1048576K
}
Event: 4.221 GC heap after
{Heap after GC invocations=6 (full 0):
 garbage-first heap   total reserved 4012032K, committed 67584K, used 18474K [0x000000070b200000, 0x0000000800000000)
  region size 2048K, 1 young (2048K), 1 survivors (2048K)
 Metaspace       used 26205K, committed 26688K, reserved 1114112K
  class space    used 3644K, committed 3840K, reserved 1048576K
}
Event: 5.714 GC heap before
{Heap before GC invocations=6 (full 0):
 garbage-first heap   total reserved 4012032K, committed 67584K, used 49194K [0x000000070b200000, 0x0000000800000000)
  region size 2048K, 15 young (30720K), 1 survivors (2048K)
 Metaspace       used 27231K, committed 27712K, reserved 1114112K
  class space    used 3708K, committed 3904K, reserved 1048576K
}
Event: 5.716 GC heap after
{Heap after GC invocations=7 (full 0):
 garbage-first heap   total reserved 4012032K, committed 67584K, used 23902K [0x000000070b200000, 0x0000000800000000)
  region size 2048K, 2 young (4096K), 2 survivors (4096K)
 Metaspace       used 27231K, committed 27712K, reserved 1114112K
  class space    used 3708K, committed 3904K, reserved 1048576K
}

